
sickbeat: system execution failed.
Following is the set of recorded exceptions:

******************************** Thread exception *****************************
In thread           Root thread            0x0 (thread id)
*******************************************************************************
-------------------------------------------------------------------------------
Class / Object      Routine                Nature of exception           Effect
-------------------------------------------------------------------------------
POINTER             c_memcpy               Segmentation violation:      
<000000000470C328>  (From POINTER_REF)     Operating system signal.      Fail
-------------------------------------------------------------------------------
POINTER             c_memcpy                                            
<000000000470C328>  (From POINTER_REF)     Routine failure.              Fail
-------------------------------------------------------------------------------
POINTER             memory_copy @3                                      
<000000000470C328>  (From POINTER_REF)     Routine failure.              Fail
-------------------------------------------------------------------------------
SOUND               fill_buffer @5                                      
<00000000046EA518>                         Routine failure.              Fail
-------------------------------------------------------------------------------
AUDIO_SOURCE        update_playing @9                                   
<00000000046E9478>                         Routine failure.              Fail
-------------------------------------------------------------------------------
AUDIO_SOURCE        play @3                                             
<00000000046E9478>                         Routine failure.              Fail
-------------------------------------------------------------------------------
APPLICATION         run_main_menu @12                                   
<00000000046E45A8>                         Routine failure.              Fail
-------------------------------------------------------------------------------
APPLICATION         run_game @10                                        
<00000000046E45A8>                         Routine failure.              Fail
-------------------------------------------------------------------------------
APPLICATION         make @3                                             
<00000000046E45A8>                         Routine failure.              Fail
-------------------------------------------------------------------------------
APPLICATION         root's creation                                     
<00000000046E45A8>                         Routine failure.              Exit
-------------------------------------------------------------------------------
